<?xml version="1.0" encoding="UTF-8"?>
<!-- Generated by org.testng.reporters.JUnitReportReporter -->
<testsuite skipped="0" hostname="Devraj-PC" name="organization.TC_1Test" tests="1" failures="0" timestamp="2021-08-31T12:27:44 IST" time="23.604" errors="0">
  <testcase name="createOrganization" time="23.604" classname="organization.TC_1Test"/>
  <system-out>
    <![CDATA[Execuiting TC_1
Sucessfully Organization page is Displayed
Sucessfully createOrganization page is Displayed
Sucessfully entered the data into the organization TextField]]>
  </system-out>
</testsuite> <!-- organization.TC_1Test -->
