<?xml version="1.0" encoding="UTF-8"?>
<!-- Generated by org.testng.reporters.JUnitReportReporter -->
<testsuite skipped="0" hostname="Devraj-PC" name="testScripts.Tc_01" tests="1" failures="0" timestamp="2021-08-17T15:35:30 IST" time="12.067" errors="0">
  <testcase name="launchBrowser" time="12.067" classname="testScripts.Tc_01"/>
  <system-out/>
</testsuite> <!-- testScripts.Tc_01 -->
