<?xml version="1.0" encoding="UTF-8"?>
<!-- Generated by org.testng.reporters.JUnitReportReporter -->
<testsuite skipped="0" hostname="Devraj-PC" name="organization.TC_3Test" tests="1" failures="0" timestamp="2021-09-01T13:18:55 IST" time="31.722" errors="0">
  <testcase name="createOrganizationWithIndustry" time="31.722" classname="organization.TC_3Test"/>
  <system-out>
    <![CDATA[Execuiting TC_3
Sucessfully Organization page is Displayed
Sucessfully createOrganization page is Displayed
Sucessfully entered the data into the organization TextField
Sucessfully selected a categaory from Industry DropDown
Sucessfully saved the Organization]]>
  </system-out>
</testsuite> <!-- organization.TC_3Test -->
