<?xml version="1.0" encoding="UTF-8"?>
<!-- Generated by org.testng.reporters.JUnitReportReporter -->
<testsuite skipped="0" hostname="Devraj-PC" name="organization.TC_3Test" tests="1" failures="0" timestamp="2021-09-06T10:55:40 IST" time="39.347" errors="0">
  <testcase name="createOrganizationWithIndustry" time="39.347" classname="organization.TC_3Test"/>
  <system-out>
    <![CDATA[Execuiting TC_3
Sucessfully Organization page is Displayed
Sucessfully createOrganization page is Displayed
Sucessfully selected a categaory from Industry DropDown
Sucessfully saved the Organization]]>
  </system-out>
</testsuite> <!-- organization.TC_3Test -->
